{"level":"ERROR","location":"[get_call:146] fyersModel","message":{"API":"/history","Error":{"code":429,"message":"request limit reached","s":"error"}},"timestamp":"2026-01-17 16:05:57,755+0530","service":"FyersAPI"}
{"level":"ERROR","location":"[get_call:146] fyersModel","message":{"API":"/history","Error":{"code":429,"message":"request limit reached","s":"error"}},"timestamp":"2026-01-17 16:05:57,942+0530","service":"FyersAPI"}
{"level":"ERROR","location":"[get_call:146] fyersModel","message":{"API":"/history","Error":{"code":429,"message":"request limit reached","s":"error"}},"timestamp":"2026-01-17 16:05:58,128+0530","service":"FyersAPI"}
{"level":"ERROR","location":"[get_call:146] fyersModel","message":{"API":"/history","Error":{"code":429,"message":"request limit reached","s":"error"}},"timestamp":"2026-01-17 16:05:58,301+0530","service":"FyersAPI"}
{"level":"ERROR","location":"[get_call:146] fyersModel","message":{"API":"/history","Error":{"code":429,"message":"request limit reached","s":"error"}},"timestamp":"2026-01-17 16:05:58,476+0530","service":"FyersAPI"}
{"level":"ERROR","location":"[get_call:146] fyersModel","message":{"API":"/history","Error":{"code":429,"message":"request limit reached","s":"error"}},"timestamp":"2026-01-17 16:05:58,658+0530","service":"FyersAPI"}
{"level":"ERROR","location":"[get_call:146] fyersModel","message":{"API":"/history","Error":{"code":429,"message":"request limit reached","s":"error"}},"timestamp":"2026-01-17 16:05:58,840+0530","service":"FyersAPI"}
{"level":"ERROR","location":"[get_call:146] fyersModel","message":{"API":"/history","Error":{"code":429,"message":"request limit reached","s":"error"}},"timestamp":"2026-01-17 16:17:34,788+0530","service":"FyersAPI"}
{"level":"ERROR","location":"[get_call:146] fyersModel","message":{"API":"/history","Error":{"code":429,"message":"request limit reached","s":"error"}},"timestamp":"2026-01-17 16:17:34,969+0530","service":"FyersAPI"}
{"level":"ERROR","location":"[get_call:146] fyersModel","message":{"API":"/history","Error":{"code":429,"message":"request limit reached","s":"error"}},"timestamp":"2026-01-17 16:17:35,142+0530","service":"FyersAPI"}
{"level":"ERROR","location":"[get_call:146] fyersModel","message":{"API":"/history","Error":{"code":429,"message":"request limit reached","s":"error"}},"timestamp":"2026-01-17 16:17:35,329+0530","service":"FyersAPI"}
{"level":"ERROR","location":"[get_call:146] fyersModel","message":{"API":"/history","Error":{"code":429,"message":"request limit reached","s":"error"}},"timestamp":"2026-01-17 16:17:35,525+0530","service":"FyersAPI"}
{"level":"ERROR","location":"[get_call:146] fyersModel","message":{"API":"/history","Error":{"code":429,"message":"request limit reached","s":"error"}},"timestamp":"2026-01-17 16:17:35,724+0530","service":"FyersAPI"}
{"level":"ERROR","location":"[get_call:146] fyersModel","message":{"API":"/history","Error":{"code":429,"message":"request limit reached","s":"error"}},"timestamp":"2026-01-17 16:17:35,918+0530","service":"FyersAPI"}
{"level":"ERROR","location":"[get_call:146] fyersModel","message":{"API":"/history","Error":{"code":429,"message":"request limit reached","s":"error"}},"timestamp":"2026-01-17 16:46:06,384+0530","service":"FyersAPI"}
{"level":"ERROR","location":"[get_call:146] fyersModel","message":{"API":"/history","Error":{"code":429,"message":"request limit reached","s":"error"}},"timestamp":"2026-01-17 16:46:06,562+0530","service":"FyersAPI"}
{"level":"ERROR","location":"[get_call:146] fyersModel","message":{"API":"/history","Error":{"code":429,"message":"request limit reached","s":"error"}},"timestamp":"2026-01-17 16:46:06,757+0530","service":"FyersAPI"}
{"level":"ERROR","location":"[get_call:146] fyersModel","message":{"API":"/history","Error":{"code":429,"message":"request limit reached","s":"error"}},"timestamp":"2026-01-17 16:46:06,935+0530","service":"FyersAPI"}
{"level":"ERROR","location":"[get_call:146] fyersModel","message":{"API":"/history","Error":{"code":429,"message":"request limit reached","s":"error"}},"timestamp":"2026-01-17 16:46:07,133+0530","service":"FyersAPI"}
{"level":"ERROR","location":"[get_call:146] fyersModel","message":{"API":"/history","Error":{"code":429,"message":"request limit reached","s":"error"}},"timestamp":"2026-01-17 16:46:07,312+0530","service":"FyersAPI"}
{"level":"ERROR","location":"[get_call:146] fyersModel","message":{"API":"/history","Error":{"code":429,"message":"request limit reached","s":"error"}},"timestamp":"2026-01-17 16:46:07,531+0530","service":"FyersAPI"}
{"level":"ERROR","location":"[post_call:89] fyersModel","message":{"API":"/multi-order/sync","Error":{"code":-50,"message":"Invalid input","s":"error"}},"timestamp":"2026-01-17 17:09:20,837+0530","service":"FyersAPI"}
{"level":"ERROR","location":"[post_call:89] fyersModel","message":{"API":"/multi-order/sync","Error":{"code":-50,"message":"Invalid input","s":"error"}},"timestamp":"2026-01-17 17:09:20,940+0530","service":"FyersAPI"}
{"level":"ERROR","location":"[post_call:89] fyersModel","message":{"API":"/multi-order/sync","Error":{"code":-50,"message":"Invalid input","s":"error"}},"timestamp":"2026-01-17 17:09:59,854+0530","service":"FyersAPI"}
{"level":"ERROR","location":"[post_call:89] fyersModel","message":{"API":"/multi-order/sync","Error":{"code":-50,"message":"Invalid input","s":"error"}},"timestamp":"2026-01-17 17:09:59,929+0530","service":"FyersAPI"}
{"level":"ERROR","location":"[get_call:146] fyersModel","message":{"API":"/profile","Error":{"s":"error","code":-8,"message":"Your token has expired. Please generate a token"}},"timestamp":"2026-01-19 10:18:32,326+0530","service":"FyersAPI"}
{"level":"ERROR","location":"[get_call:146] fyersModel","message":{"API":"/profile","Error":{"s":"error","code":-8,"message":"Your token has expired. Please generate a token"}},"timestamp":"2026-01-19 10:19:01,184+0530","service":"FyersAPI"}
{"level":"ERROR","location":"[post_call:89] fyersModel","message":{"API":"/multi-order/sync","Error":{"code":-50,"message":"Invalid input","s":"error"}},"timestamp":"2026-01-19 10:19:35,478+0530","service":"FyersAPI"}
{"level":"ERROR","location":"[post_call:89] fyersModel","message":{"API":"/multi-order/sync","Error":{"code":-50,"message":"Invalid input","s":"error"}},"timestamp":"2026-01-19 10:19:35,556+0530","service":"FyersAPI"}
{"level":"ERROR","location":"[post_call:89] fyersModel","message":{"API":"/multi-order/sync","Error":{"code":-50,"message":"Invalid input","s":"error"}},"timestamp":"2026-01-19 10:22:13,080+0530","service":"FyersAPI"}
{"level":"ERROR","location":"[post_call:89] fyersModel","message":{"API":"/multi-order/sync","Error":{"code":-50,"message":"Invalid input","s":"error"}},"timestamp":"2026-01-19 10:22:13,169+0530","service":"FyersAPI"}
{"level":"ERROR","location":"[post_call:89] fyersModel","message":{"API":"/multi-order/sync","Error":{"code":-50,"message":"Invalid input","s":"error"}},"timestamp":"2026-01-19 10:22:35,885+0530","service":"FyersAPI"}
{"level":"ERROR","location":"[post_call:89] fyersModel","message":{"API":"/multi-order/sync","Error":{"code":-50,"message":"Invalid input","s":"error"}},"timestamp":"2026-01-19 10:22:35,962+0530","service":"FyersAPI"}
{"level":"ERROR","location":"[post_call:89] fyersModel","message":{"API":"/multi-order/sync","Error":{"code":-50,"message":"Invalid input","s":"error"}},"timestamp":"2026-01-19 10:40:09,283+0530","service":"FyersAPI"}
{"level":"ERROR","location":"[post_call:89] fyersModel","message":{"API":"/multi-order/sync","Error":{"code":-50,"message":"Invalid input","s":"error"}},"timestamp":"2026-01-19 10:40:09,355+0530","service":"FyersAPI"}
{"level":"ERROR","location":"[post_call:89] fyersModel","message":{"API":"/multi-order/sync","Error":{"code":-50,"message":"Invalid input","s":"error"}},"timestamp":"2026-01-19 10:41:05,091+0530","service":"FyersAPI"}
{"level":"ERROR","location":"[post_call:89] fyersModel","message":{"API":"/multi-order/sync","Error":{"code":-50,"message":"Invalid input","s":"error"}},"timestamp":"2026-01-19 10:41:05,191+0530","service":"FyersAPI"}
{"level":"ERROR","location":"[post_call:89] fyersModel","message":{"API":"/multi-order/sync","Error":{"code":-50,"message":"Invalid input","s":"error"}},"timestamp":"2026-01-19 10:43:04,201+0530","service":"FyersAPI"}
{"level":"ERROR","location":"[post_call:89] fyersModel","message":{"API":"/multi-order/sync","Error":{"code":-50,"message":"Invalid input","s":"error"}},"timestamp":"2026-01-19 10:43:04,269+0530","service":"FyersAPI"}
{"level":"ERROR","location":"[get_call:146] fyersModel","message":{"API":"/profile","Error":{"s":"error","code":-8,"message":"Your token has expired. Please generate a token"}},"timestamp":"2026-01-22 19:29:48,526+0530","service":"FyersAPI"}
{"level":"ERROR","location":"[get_call:146] fyersModel","message":{"API":"/profile","Error":{"s":"error","code":-8,"message":"Your token has expired. Please generate a token"}},"timestamp":"2026-01-22 19:30:30,703+0530","service":"FyersAPI"}
{"level":"ERROR","location":"[get_call:146] fyersModel","message":{"API":"/profile","Error":{"s":"error","code":-8,"message":"Your token has expired. Please generate a token"}},"timestamp":"2026-01-22 19:31:40,994+0530","service":"FyersAPI"}
{"level":"ERROR","location":"[post_call:89] fyersModel","message":{"API":"/multi-order/sync","Error":{"code":-50,"message":"Invalid input","s":"error"}},"timestamp":"2026-01-22 19:44:28,807+0530","service":"FyersAPI"}
{"level":"ERROR","location":"[post_call:89] fyersModel","message":{"API":"/multi-order/sync","Error":{"code":-50,"message":"Invalid input","s":"error"}},"timestamp":"2026-01-22 19:44:28,892+0530","service":"FyersAPI"}
{"level":"ERROR","location":"[get_call:146] fyersModel","message":{"API":"/profile","Error":{"s":"error","code":-17,"message":"Could not authenticate the user"}},"timestamp":"2026-01-22 20:13:57,345+0530","service":"FyersAPI"}
{"level":"ERROR","location":"[get_call:146] fyersModel","message":{"API":"/profile","Error":{"s":"error","code":-17,"message":"Could not authenticate the user"}},"timestamp":"2026-01-22 20:13:57,424+0530","service":"FyersAPI"}
{"level":"ERROR","location":"[get_call:146] fyersModel","message":{"API":"/profile","Error":{"s":"error","code":-17,"message":"Could not authenticate the user"}},"timestamp":"2026-01-22 20:13:57,434+0530","service":"FyersAPI"}
{"level":"ERROR","location":"[get_call:146] fyersModel","message":{"API":"/profile","Error":{"s":"error","code":-17,"message":"Could not authenticate the user"}},"timestamp":"2026-01-22 20:13:58,034+0530","service":"FyersAPI"}
{"level":"ERROR","location":"[get_call:146] fyersModel","message":{"API":"/profile","Error":{"s":"error","code":-17,"message":"Could not authenticate the user"}},"timestamp":"2026-01-22 20:13:58,602+0530","service":"FyersAPI"}
{"level":"ERROR","location":"[post_call:89] fyersModel","message":{"API":"/multi-order/sync","Error":{"code":-16,"message":"Could not authenticate the user","s":"error"}},"timestamp":"2026-01-22 20:13:59,593+0530","service":"FyersAPI"}
